#
# There is insufficient memory for the Java Runtime Environment to continue.
# Native memory allocation (mmap) failed to map 132120576 bytes for G1 virtual space
# Possible reasons:
#   The system is out of physical RAM or swap space
#   The process is running with CompressedOops enabled, and the Java Heap may be blocking the growth of the native heap
# Possible solutions:
#   Reduce memory load on the system
#   Increase physical memory or swap space
#   Check if swap backing store is full
#   Decrease Java heap size (-Xmx/-Xms)
#   Decrease number of Java threads
#   Decrease Java thread stack sizes (-Xss)
#   Set larger code cache with -XX:ReservedCodeCacheSize=
#   JVM is running with Unscaled Compressed Oops mode in which the Java heap is
#     placed in the first 4GB address space. The Java Heap base address is the
#     maximum limit for the native heap growth. Please use -XX:HeapBaseMinAddress
#     to set the Java Heap base and to place the Java Heap above 4GB virtual address.
# This output file may be truncated or incomplete.
#
#  Out of Memory Error (os_windows.cpp:3466), pid=10136, tid=1744
#
# JRE version:  (16.0.1+9) (build )
# Java VM: Java HotSpot(TM) 64-Bit Server VM (16.0.1+9-24, mixed mode, sharing, tiered, compressed oops, compressed class ptrs, g1 gc, windows-amd64)
# No core dump will be written. Minidumps are not enabled by default on client versions of Windows
#

---------------  S U M M A R Y ------------

Command Line: C:\Users\ramos\AppData\Local\Temp\surefire10292738692878865578\surefirebooter9074210520105180753.jar C:\Users\ramos\AppData\Local\Temp\surefire10292738692878865578 2021-11-03T16-53-05_897-jvmRun1 surefire14454513085713818782tmp surefire_012143193763247821621tmp

Host: Intel(R) Core(TM) i5-7200U CPU @ 2.50GHz, 4 cores, 7G,  Windows 10 , 64 bit Build 19041 (10.0.19041.1202)
Time: Wed Nov  3 16:53:06 2021 Hora estándar, América Central elapsed time: 0.060395 seconds (0d 0h 0m 0s)

---------------  T H R E A D  ---------------

Current thread (0x000001f1659e2c30):  JavaThread "Unknown thread" [_thread_in_vm, id=1744, stack(0x000000019a300000,0x000000019a400000)]

Stack: [0x000000019a300000,0x000000019a400000]
Native frames: (J=compiled Java code, j=interpreted, Vv=VM code, C=native code)
V  [jvm.dll+0x6687ca]
V  [jvm.dll+0x7ca3c9]
V  [jvm.dll+0x7cbb53]
V  [jvm.dll+0x7cc1b3]
V  [jvm.dll+0x242ea5]
V  [jvm.dll+0x665589]
V  [jvm.dll+0x65a175]
V  [jvm.dll+0x2fc5ab]
V  [jvm.dll+0x3037a6]
V  [jvm.dll+0x352fee]
V  [jvm.dll+0x35321f]
V  [jvm.dll+0x2d3618]
V  [jvm.dll+0x2d4854]
V  [jvm.dll+0x79ccb1]
V  [jvm.dll+0x360de1]
V  [jvm.dll+0x77a990]
V  [jvm.dll+0x3e55af]
V  [jvm.dll+0x3e7081]
C  [jli.dll+0x52fb]
C  [ucrtbase.dll+0x21bb2]
C  [KERNEL32.DLL+0x17034]
C  [ntdll.dll+0x52651]


---------------  P R O C E S S  ---------------

Threads class SMR info:
_java_thread_list=0x00007ffebd88cbb8, length=0, elements={
}

Java Threads: ( => current thread )

Other Threads:
  0x000001f165a1dc50 GCTaskThread "GC Thread#0" [stack: 0x000000019a400000,0x000000019a500000] [id=3788]
  0x000001f165a2e890 ConcurrentGCThread "G1 Main Marker" [stack: 0x000000019a500000,0x000000019a600000] [id=5944]
  0x000001f165a2faa0 ConcurrentGCThread "G1 Conc#0" [stack: 0x000000019a600000,0x000000019a700000] [id=3076]

[error occurred during error reporting (printing all threads), id 0xc0000005, EXCEPTION_ACCESS_VIOLATION (0xc0000005) at pc=0x00007ffebd0644d7]

VM state: not at safepoint (not fully initialized)

VM Mutex/Monitor currently owned by a thread:  ([mutex/lock_event])
[0x000001f1659df5f0] Heap_lock - owner thread: 0x000001f1659e2c30

Heap address: 0x0000000082000000, size: 2016 MB, Compressed Oops mode: 32-bit

CDS archive(s) mapped at: [0x0000000000000000-0x0000000000000000-0x0000000000000000), size 0, SharedBaseAddress: 0x0000000800000000, ArchiveRelocationMode: 0.
Narrow klass base: 0x0000000000000000, Narrow klass shift: 0, Narrow klass range: 0x0

GC Precious Log:
<Empty>

Heap:
 garbage-first heap   total 0K, used 0K [0x0000000082000000, 0x0000000100000000)
  region size 1024K, 0 young (0K), 0 survivors (0K)

[error occurred during error reporting (printing heap information), id 0xc0000005, EXCEPTION_ACCESS_VIOLATION (0xc0000005) at pc=0x00007ffebd4424ed]

GC Heap History (0 events):
No events

Deoptimization events (0 events):
No events

Classes unloaded (0 events):
No events

Classes redefined (0 events):
No events

Internal exceptions (0 events):
No events

Events (1 events):
Event: 0.009 Loaded shared library C:\Program Files\Java\jdk-16.0.1\bin\java.dll


Dynamic libraries:
0x00007ff6a8600000 - 0x00007ff6a8610000 	C:\Program Files\Java\jdk-16.0.1\bin\java.exe
0x00007fff255d0000 - 0x00007fff257c5000 	C:\WINDOWS\SYSTEM32\ntdll.dll
0x00007fff23980000 - 0x00007fff23a3e000 	C:\WINDOWS\System32\KERNEL32.DLL
0x00007fff232b0000 - 0x00007fff23579000 	C:\WINDOWS\System32\KERNELBASE.dll
0x00007fff22ea0000 - 0x00007fff22fa0000 	C:\WINDOWS\System32\ucrtbase.dll
0x00007fff003f0000 - 0x00007fff00409000 	C:\Program Files\Java\jdk-16.0.1\bin\VCRUNTIME140.dll
0x00007ffeed480000 - 0x00007ffeed498000 	C:\Program Files\Java\jdk-16.0.1\bin\jli.dll
0x00007fff25400000 - 0x00007fff254ac000 	C:\WINDOWS\System32\ADVAPI32.dll
0x00007fff24cb0000 - 0x00007fff24d4e000 	C:\WINDOWS\System32\msvcrt.dll
0x00007fff24dd0000 - 0x00007fff24e6b000 	C:\WINDOWS\System32\sechost.dll
0x00007fff23f00000 - 0x00007fff2402a000 	C:\WINDOWS\System32\RPCRT4.dll
0x00007fff23b70000 - 0x00007fff23d11000 	C:\WINDOWS\System32\USER32.dll
0x00007fff231f0000 - 0x00007fff23212000 	C:\WINDOWS\System32\win32u.dll
0x00007fff0eb90000 - 0x00007fff0ee2a000 	C:\WINDOWS\WinSxS\amd64_microsoft.windows.common-controls_6595b64144ccf1df_6.0.19041.1110_none_60b5254171f9507e\COMCTL32.dll
0x00007fff24c80000 - 0x00007fff24cab000 	C:\WINDOWS\System32\GDI32.dll
0x00007fff22fa0000 - 0x00007fff230ab000 	C:\WINDOWS\System32\gdi32full.dll
0x00007fff23580000 - 0x00007fff2361d000 	C:\WINDOWS\System32\msvcp_win.dll
0x00007fff19c90000 - 0x00007fff19c9a000 	C:\WINDOWS\SYSTEM32\VERSION.dll
0x00007fff23d20000 - 0x00007fff23d50000 	C:\WINDOWS\System32\IMM32.DLL
0x00007ffeed200000 - 0x00007ffeed20c000 	C:\Program Files\Java\jdk-16.0.1\bin\vcruntime140_1.dll
0x00007ffec7b30000 - 0x00007ffec7bc1000 	C:\Program Files\Java\jdk-16.0.1\bin\msvcp140.dll
0x00007ffebcd80000 - 0x00007ffebd92b000 	C:\Program Files\Java\jdk-16.0.1\bin\server\jvm.dll
0x00007fff25510000 - 0x00007fff25518000 	C:\WINDOWS\System32\PSAPI.DLL
0x00007fff032b0000 - 0x00007fff032d7000 	C:\WINDOWS\SYSTEM32\WINMM.dll
0x00007fff03260000 - 0x00007fff03269000 	C:\WINDOWS\SYSTEM32\WSOCK32.dll
0x00007fff25520000 - 0x00007fff2558b000 	C:\WINDOWS\System32\ws2_32.DLL
0x00007fff21810000 - 0x00007fff21822000 	C:\WINDOWS\SYSTEM32\kernel.appcore.dll
0x00007ffeed1f0000 - 0x00007ffeed1fa000 	C:\Program Files\Java\jdk-16.0.1\bin\jimage.dll
0x00007fff21290000 - 0x00007fff21474000 	C:\WINDOWS\SYSTEM32\DBGHELP.DLL
0x00007fff18ea0000 - 0x00007fff18ecc000 	C:\WINDOWS\SYSTEM32\dbgcore.DLL
0x00007fff23220000 - 0x00007fff232a3000 	C:\WINDOWS\System32\bcryptPrimitives.dll
0x00007ffee7120000 - 0x00007ffee7145000 	C:\Program Files\Java\jdk-16.0.1\bin\java.dll

dbghelp: loaded successfully - version: 4.0.5 - missing functions: none
symbol engine: initialized successfully - sym options: 0x614 - pdb path: .;C:\Program Files\Java\jdk-16.0.1\bin;C:\WINDOWS\SYSTEM32;C:\WINDOWS\WinSxS\amd64_microsoft.windows.common-controls_6595b64144ccf1df_6.0.19041.1110_none_60b5254171f9507e;C:\Program Files\Java\jdk-16.0.1\bin\server

VM Arguments:
java_command: C:\Users\ramos\AppData\Local\Temp\surefire10292738692878865578\surefirebooter9074210520105180753.jar C:\Users\ramos\AppData\Local\Temp\surefire10292738692878865578 2021-11-03T16-53-05_897-jvmRun1 surefire14454513085713818782tmp surefire_012143193763247821621tmp
java_class_path (initial): C:\Users\ramos\AppData\Local\Temp\surefire10292738692878865578\surefirebooter9074210520105180753.jar
Launcher Type: SUN_STANDARD

[Global flags]
     intx CICompilerCount                          = 3                                         {product} {ergonomic}
     uint ConcGCThreads                            = 1                                         {product} {ergonomic}
     uint G1ConcRefinementThreads                  = 4                                         {product} {ergonomic}
   size_t G1HeapRegionSize                         = 1048576                                   {product} {ergonomic}
    uintx GCDrainStackTargetSize                   = 64                                        {product} {ergonomic}
   size_t InitialHeapSize                          = 132120576                                 {product} {ergonomic}
   size_t MarkStackSize                            = 4194304                                   {product} {ergonomic}
   size_t MaxHeapSize                              = 2113929216                                {product} {ergonomic}
   size_t MinHeapDeltaBytes                        = 1048576                                   {product} {ergonomic}
   size_t MinHeapSize                              = 8388608                                   {product} {ergonomic}
    uintx NonNMethodCodeHeapSize                   = 5832780                                {pd product} {ergonomic}
    uintx NonProfiledCodeHeapSize                  = 122912730                              {pd product} {ergonomic}
    uintx ProfiledCodeHeapSize                     = 122912730                              {pd product} {ergonomic}
    uintx ReservedCodeCacheSize                    = 251658240                              {pd product} {ergonomic}
     bool SegmentedCodeCache                       = true                                      {product} {ergonomic}
   size_t SoftMaxHeapSize                          = 2113929216                             {manageable} {ergonomic}
     bool UseCompressedClassPointers               = true                           {product lp64_product} {ergonomic}
     bool UseCompressedOops                        = true                           {product lp64_product} {ergonomic}
     bool UseG1GC                                  = true                                      {product} {ergonomic}
     bool UseLargePagesIndividualAllocation        = false                                  {pd product} {ergonomic}

Logging:
Log output configuration:
 #0: stdout all=warning uptime,level,tags
 #1: stderr all=off uptime,level,tags

Environment Variables:
JAVA_HOME=C:\Program Files\Java\jdk-16.0.1
CLASSPATH=.;C:\Program Files (x86)\QuickTime\QTSystem\QTJava.zip
PATH=C:\Program Files\Common Files\Oracle\Java\javapath;C:\Program Files (x86)\Common Files\Oracle\Java\javapath;C:\Program Files\Intel\iCLS Client\;C:\WINDOWS\system32;C:\WINDOWS;C:\WINDOWS\System32\Wbem;C:\WINDOWS\System32\WindowsPowerShell\v1.0\;C:\WINDOWS\System32\OpenSSH\;C:\Program Files (x86)\QuickTime\QTSystem\;C:\Program Files (x86)\Intel\Intel(R) Management Engine Components\DAL;C:\Program Files\Intel\Intel(R) Management Engine Components\DAL;C:\Program Files\Microsoft SQL Server\130\Tools\Binn\;C:\Program Files\Microsoft SQL Server\Client SDK\ODBC\170\Tools\Binn\;C:\Program Files (x86)\Microsoft SQL Server\150\Tools\Binn\;C:\Program Files\Microsoft SQL Server\150\Tools\Binn\;C:\Program Files\Microsoft SQL Server\150\DTS\Binn\;C:\Program Files\Azure Data Studio\bin;C:\Program Files\dotnet\;C:\Program Files (x86)\Microsoft SQL Server\150\DTS\Binn\;C:\Users\ramos\AppData\Local\Microsoft\WindowsApps;C:\ProgramData\ramos\atom\bin;C:\Users\ramos\AppData\Local\Microsoft\WindowsApps;;C:\Program Files\Azure Data Studio\bin;C:\Program Files\Azure Data Studio\bin;C:\Users\ramos\.dotnet\tools
USERNAME=ramos
OS=Windows_NT
PROCESSOR_IDENTIFIER=Intel64 Family 6 Model 142 Stepping 9, GenuineIntel



---------------  S Y S T E M  ---------------

OS:
 Windows 10 , 64 bit Build 19041 (10.0.19041.1202)
OS uptime: 0 days 17:44 hours
Hyper-V role detected

CPU: total 4 (initial active 4) (2 cores per cpu, 2 threads per core) family 6 model 142 stepping 9 microcode 0xb4, cx8, cmov, fxsr, ht, mmx, 3dnowpref, sse, sse2, sse3, ssse3, sse4.1, sse4.2, popcnt, lzcnt, tsc, tscinvbit, avx, avx2, aes, erms, clmul, bmi1, bmi2, adx, fma, vzeroupper, clflush, clflushopt, hv

Memory: 4k page, system-wide physical 8057M (1355M free)
TotalPageFile size 9960M (AvailPageFile size 86M)
current process WorkingSet (physical memory assigned to process): 10M, peak: 10M
current process commit charge ("private bytes"): 51M, peak: 177M

vm_info: Java HotSpot(TM) 64-Bit Server VM (16.0.1+9-24) for windows-amd64 JRE (16.0.1+9-24), built on Mar 26 2021 19:31:42 by "mach5one" with MS VC++ 16.7 (VS2019)

END.
